<?xml version="1.0" encoding="UTF-8" ?>
<testsuite tests="2" failures="0" name="runners.TestRunner" time="10.442" errors="2" skipped="0">
  <properties>
[...]
</properties>
  <testcase classname="Funcionalidad para probar el inicio de sesión" name="Verificar que el inicio de sesión es exitoso con credenciales válidas #1" time="7.932">
    <error message="unknown error: net::ERR_CONNECTION_REFUSED
  (Session info: chrome=138.0.7204.184)
Build info: version: &apos;4.14.1&apos;, revision: &apos;03f8ede370&apos;
System info: os.name: &apos;Windows 11&apos;, os.arch: &apos;amd64&apos;, os.version: &apos;10.0&apos;, java.version: &apos;11.0.16.1&apos;
Driver info: org.openqa.selenium.chrome.ChromeDriver
Command: [c0342a47a97c98854c87912f2befaeea, get {url=http://localhost:6208/}]
Capabilities {acceptInsecureCerts: false, browserName: chrome, browserVersion: 138.0.7204.184, chrome: {chromedriverVersion: 138.0.7204.183 (e90faf484dd..., userDataDir: C:\Users\usuario\AppData\Lo...}, fedcm:accounts: true, goog:chromeOptions: {debuggerAddress: localhost:52504}, networkConnectionEnabled: false, pageLoadStrategy: normal, platformName: windows, proxy: Proxy(), se:cdp: ws://localhost:52504/devtoo..., se:cdpVersion: 138.0.7204.184, setWindowRect: true, strictFileInteractability: false, timeouts: {implicit: 0, pageLoad: 300000, script: 30000}, unhandledPromptBehavior: dismiss and notify, webauthn:extension:credBlob: true, webauthn:extension:largeBlob: true, webauthn:extension:minPinLength: true, webauthn:extension:prf: true, webauthn:virtualAuthenticators: true}
Session ID: c0342a47a97c98854c87912f2befaeea" type="org.openqa.selenium.WebDriverException">org.openqa.selenium.WebDriverException: unknown error: net::ERR_CONNECTION_REFUSED
  (Session info: chrome=138.0.7204.184)
Build info: version: &apos;4.14.1&apos;, revision: &apos;03f8ede370&apos;
System info: os.name: &apos;Windows 11&apos;, os.arch: &apos;amd64&apos;, os.version: &apos;10.0&apos;, java.version: &apos;11.0.16.1&apos;
Driver info: org.openqa.selenium.chrome.ChromeDriver
Command: [c0342a47a97c98854c87912f2befaeea, get {url=http://localhost:6208/}]
Capabilities {acceptInsecureCerts: false, browserName: chrome, browserVersion: 138.0.7204.184, chrome: {chromedriverVersion: 138.0.7204.183 (e90faf484dd..., userDataDir: C:\Users\usuario\AppData\Lo...}, fedcm:accounts: true, goog:chromeOptions: {debuggerAddress: localhost:52504}, networkConnectionEnabled: false, pageLoadStrategy: normal, platformName: windows, proxy: Proxy(), se:cdp: ws://localhost:52504/devtoo..., se:cdpVersion: 138.0.7204.184, setWindowRect: true, strictFileInteractability: false, timeouts: {implicit: 0, pageLoad: 300000, script: 30000}, unhandledPromptBehavior: dismiss and notify, webauthn:extension:credBlob: true, webauthn:extension:largeBlob: true, webauthn:extension:minPinLength: true, webauthn:extension:prf: true, webauthn:virtualAuthenticators: true}
Session ID: c0342a47a97c98854c87912f2befaeea
	at java.base/jdk.internal.reflect.NativeConstructorAccessorImpl.newInstance0(Native Method)
	at java.base/jdk.internal.reflect.NativeConstructorAccessorImpl.newInstance(NativeConstructorAccessorImpl.java:62)
	at java.base/jdk.internal.reflect.DelegatingConstructorAccessorImpl.newInstance(DelegatingConstructorAccessorImpl.java:45)
	at java.base/java.lang.reflect.Constructor.newInstance(Constructor.java:490)
	at org.openqa.selenium.remote.codec.w3c.W3CHttpResponseCodec.createException(W3CHttpResponseCodec.java:200)
	at org.openqa.selenium.remote.codec.w3c.W3CHttpResponseCodec.decode(W3CHttpResponseCodec.java:133)
	at org.openqa.selenium.remote.codec.w3c.W3CHttpResponseCodec.decode(W3CHttpResponseCodec.java:52)
	at org.openqa.selenium.remote.HttpCommandExecutor.execute(HttpCommandExecutor.java:191)
	at org.openqa.selenium.remote.service.DriverCommandExecutor.invokeExecute(DriverCommandExecutor.java:200)
	at org.openqa.selenium.remote.service.DriverCommandExecutor.execute(DriverCommandExecutor.java:175)
	at org.openqa.selenium.remote.RemoteWebDriver.execute(RemoteWebDriver.java:602)
	at org.openqa.selenium.remote.RemoteWebDriver.get(RemoteWebDriver.java:304)
	at pom.Base.get(Base.java:27)
	at stepdefinitions.login.LoginSteps.usuario_está_en_la_página_de_inicio_de_sesión(LoginSteps.java:20)
	at ✽.usuario está en la página de inicio de sesión con la url &apos;http://localhost:6208/&apos;(file:///D:/DOCUMENTOS/Yo/WEDOX/Entregables/Pruebas%20Automatizado/RegresionTesting/src/test/resources/features/1.login/login.feature:5)
</error>
    <system-out>
@login @regresion @smoke_test
Scenario Outline: Verificar que el inicio de sesión es exitoso con credenciales válidas   # src/test/resources/features/1.login/login.feature:11
  Given usuario está en la página de inicio de sesión con la url &apos;http://localhost:6208/&apos; # stepdefinitions.login.LoginSteps.usuario_está_en_la_página_de_inicio_de_sesión(java.lang.String)
      org.openqa.selenium.WebDriverException: unknown error: net::ERR_CONNECTION_REFUSED
  (Session info: chrome=138.0.7204.184)
Build info: version: &apos;4.14.1&apos;, revision: &apos;03f8ede370&apos;
System info: os.name: &apos;Windows 11&apos;, os.arch: &apos;amd64&apos;, os.version: &apos;10.0&apos;, java.version: &apos;11.0.16.1&apos;
Driver info: org.openqa.selenium.chrome.ChromeDriver
Command: [c0342a47a97c98854c87912f2befaeea, get {url=http://localhost:6208/}]
Capabilities {acceptInsecureCerts: false, browserName: chrome, browserVersion: 138.0.7204.184, chrome: {chromedriverVersion: 138.0.7204.183 (e90faf484dd..., userDataDir: C:\Users\usuario\AppData\Lo...}, fedcm:accounts: true, goog:chromeOptions: {debuggerAddress: localhost:52504}, networkConnectionEnabled: false, pageLoadStrategy: normal, platformName: windows, proxy: Proxy(), se:cdp: ws://localhost:52504/devtoo..., se:cdpVersion: 138.0.7204.184, setWindowRect: true, strictFileInteractability: false, timeouts: {implicit: 0, pageLoad: 300000, script: 30000}, unhandledPromptBehavior: dismiss and notify, webauthn:extension:credBlob: true, webauthn:extension:largeBlob: true, webauthn:extension:minPinLength: true, webauthn:extension:prf: true, webauthn:virtualAuthenticators: true}
Session ID: c0342a47a97c98854c87912f2befaeea
	at java.base/jdk.internal.reflect.NativeConstructorAccessorImpl.newInstance0(Native Method)
	at java.base/jdk.internal.reflect.NativeConstructorAccessorImpl.newInstance(NativeConstructorAccessorImpl.java:62)
	at java.base/jdk.internal.reflect.DelegatingConstructorAccessorImpl.newInstance(DelegatingConstructorAccessorImpl.java:45)
	at java.base/java.lang.reflect.Constructor.newInstance(Constructor.java:490)
	at org.openqa.selenium.remote.codec.w3c.W3CHttpResponseCodec.createException(W3CHttpResponseCodec.java:200)
	at org.openqa.selenium.remote.codec.w3c.W3CHttpResponseCodec.decode(W3CHttpResponseCodec.java:133)
	at org.openqa.selenium.remote.codec.w3c.W3CHttpResponseCodec.decode(W3CHttpResponseCodec.java:52)
	at org.openqa.selenium.remote.HttpCommandExecutor.execute(HttpCommandExecutor.java:191)
	at org.openqa.selenium.remote.service.DriverCommandExecutor.invokeExecute(DriverCommandExecutor.java:200)
	at org.openqa.selenium.remote.service.DriverCommandExecutor.execute(DriverCommandExecutor.java:175)
	at org.openqa.selenium.remote.RemoteWebDriver.execute(RemoteWebDriver.java:602)
	at org.openqa.selenium.remote.RemoteWebDriver.get(RemoteWebDriver.java:304)
	at pom.Base.get(Base.java:27)
	at stepdefinitions.login.LoginSteps.usuario_está_en_la_página_de_inicio_de_sesión(LoginSteps.java:20)
	at ✽.usuario está en la página de inicio de sesión con la url &apos;http://localhost:6208/&apos;(file:///D:/DOCUMENTOS/Yo/WEDOX/Entregables/Pruebas%20Automatizado/RegresionTesting/src/test/resources/features/1.login/login.feature:5)

  When usuario ingresa el nombre de &apos;jjuarez&apos; y la &apos;1234&apos;                                 # stepdefinitions.login.LoginSteps.usuario_ingresa_el_nombre_de_y_la(java.lang.String,java.lang.String)
  And clic en el botón de inicio de sesión                                                # stepdefinitions.login.LoginSteps.clic_en_el_botón_de_inicio_de_sesión()
  Then el usuario es dirigido a la página principal de la aplicación                      # stepdefinitions.login.LoginSteps.el_usuario_es_dirigido_a_la_página_principal_de_la_aplicación()
</system-out>
    <system-err>ago. 06, 2025 11:15:35 P. M. org.openqa.selenium.devtools.CdpVersionFinder findNearestMatch
WARNING: Unable to find CDP implementation matching 138
ago. 06, 2025 11:15:35 P. M. org.openqa.selenium.chromium.ChromiumDriver lambda$new$5
WARNING: Unable to find version of CDP to use for 138.0.7204.184. You may need to include a dependency on a specific version of the CDP using something similar to `org.seleniumhq.selenium:selenium-devtools-v86:4.14.1` where the version (&quot;v86&quot;) matches the version of the chromium-based browser you&apos;re using and the version number of the artifact is the same as Selenium&apos;s.
</system-err>
  </testcase>
  <testcase classname="Funcionalidad para probar el inicio de sesión" name="Verificar que el inicio de sesión es exitoso con credenciales válidas #2" time="2.51">
    <error message="unknown error: net::ERR_CONNECTION_REFUSED
  (Session info: chrome=138.0.7204.184)
Build info: version: &apos;4.14.1&apos;, revision: &apos;03f8ede370&apos;
System info: os.name: &apos;Windows 11&apos;, os.arch: &apos;amd64&apos;, os.version: &apos;10.0&apos;, java.version: &apos;11.0.16.1&apos;
Driver info: org.openqa.selenium.chrome.ChromeDriver
Command: [c0342a47a97c98854c87912f2befaeea, get {url=http://localhost:6208/}]
Capabilities {acceptInsecureCerts: false, browserName: chrome, browserVersion: 138.0.7204.184, chrome: {chromedriverVersion: 138.0.7204.183 (e90faf484dd..., userDataDir: C:\Users\usuario\AppData\Lo...}, fedcm:accounts: true, goog:chromeOptions: {debuggerAddress: localhost:52504}, networkConnectionEnabled: false, pageLoadStrategy: normal, platformName: windows, proxy: Proxy(), se:cdp: ws://localhost:52504/devtoo..., se:cdpVersion: 138.0.7204.184, setWindowRect: true, strictFileInteractability: false, timeouts: {implicit: 0, pageLoad: 300000, script: 30000}, unhandledPromptBehavior: dismiss and notify, webauthn:extension:credBlob: true, webauthn:extension:largeBlob: true, webauthn:extension:minPinLength: true, webauthn:extension:prf: true, webauthn:virtualAuthenticators: true}
Session ID: c0342a47a97c98854c87912f2befaeea" type="org.openqa.selenium.WebDriverException">org.openqa.selenium.WebDriverException: unknown error: net::ERR_CONNECTION_REFUSED
  (Session info: chrome=138.0.7204.184)
Build info: version: &apos;4.14.1&apos;, revision: &apos;03f8ede370&apos;
System info: os.name: &apos;Windows 11&apos;, os.arch: &apos;amd64&apos;, os.version: &apos;10.0&apos;, java.version: &apos;11.0.16.1&apos;
Driver info: org.openqa.selenium.chrome.ChromeDriver
Command: [c0342a47a97c98854c87912f2befaeea, get {url=http://localhost:6208/}]
Capabilities {acceptInsecureCerts: false, browserName: chrome, browserVersion: 138.0.7204.184, chrome: {chromedriverVersion: 138.0.7204.183 (e90faf484dd..., userDataDir: C:\Users\usuario\AppData\Lo...}, fedcm:accounts: true, goog:chromeOptions: {debuggerAddress: localhost:52504}, networkConnectionEnabled: false, pageLoadStrategy: normal, platformName: windows, proxy: Proxy(), se:cdp: ws://localhost:52504/devtoo..., se:cdpVersion: 138.0.7204.184, setWindowRect: true, strictFileInteractability: false, timeouts: {implicit: 0, pageLoad: 300000, script: 30000}, unhandledPromptBehavior: dismiss and notify, webauthn:extension:credBlob: true, webauthn:extension:largeBlob: true, webauthn:extension:minPinLength: true, webauthn:extension:prf: true, webauthn:virtualAuthenticators: true}
Session ID: c0342a47a97c98854c87912f2befaeea
	at java.base/jdk.internal.reflect.NativeConstructorAccessorImpl.newInstance0(Native Method)
	at java.base/jdk.internal.reflect.NativeConstructorAccessorImpl.newInstance(NativeConstructorAccessorImpl.java:62)
	at java.base/jdk.internal.reflect.DelegatingConstructorAccessorImpl.newInstance(DelegatingConstructorAccessorImpl.java:45)
	at java.base/java.lang.reflect.Constructor.newInstance(Constructor.java:490)
	at org.openqa.selenium.remote.codec.w3c.W3CHttpResponseCodec.createException(W3CHttpResponseCodec.java:200)
	at org.openqa.selenium.remote.codec.w3c.W3CHttpResponseCodec.decode(W3CHttpResponseCodec.java:133)
	at org.openqa.selenium.remote.codec.w3c.W3CHttpResponseCodec.decode(W3CHttpResponseCodec.java:52)
	at org.openqa.selenium.remote.HttpCommandExecutor.execute(HttpCommandExecutor.java:191)
	at org.openqa.selenium.remote.service.DriverCommandExecutor.invokeExecute(DriverCommandExecutor.java:200)
	at org.openqa.selenium.remote.service.DriverCommandExecutor.execute(DriverCommandExecutor.java:175)
	at org.openqa.selenium.remote.RemoteWebDriver.execute(RemoteWebDriver.java:602)
	at org.openqa.selenium.remote.RemoteWebDriver.get(RemoteWebDriver.java:304)
	at pom.Base.get(Base.java:27)
	at stepdefinitions.login.LoginSteps.usuario_está_en_la_página_de_inicio_de_sesión(LoginSteps.java:20)
	at ✽.usuario está en la página de inicio de sesión con la url &apos;http://localhost:6208/&apos;(file:///D:/DOCUMENTOS/Yo/WEDOX/Entregables/Pruebas%20Automatizado/RegresionTesting/src/test/resources/features/1.login/login.feature:5)
</error>
    <system-out>
@login @regresion @smoke_test
Scenario Outline: Verificar que el inicio de sesión es exitoso con credenciales válidas   # src/test/resources/features/1.login/login.feature:12
  Given usuario está en la página de inicio de sesión con la url &apos;http://localhost:6208/&apos; # stepdefinitions.login.LoginSteps.usuario_está_en_la_página_de_inicio_de_sesión(java.lang.String)
      org.openqa.selenium.WebDriverException: unknown error: net::ERR_CONNECTION_REFUSED
  (Session info: chrome=138.0.7204.184)
Build info: version: &apos;4.14.1&apos;, revision: &apos;03f8ede370&apos;
System info: os.name: &apos;Windows 11&apos;, os.arch: &apos;amd64&apos;, os.version: &apos;10.0&apos;, java.version: &apos;11.0.16.1&apos;
Driver info: org.openqa.selenium.chrome.ChromeDriver
Command: [c0342a47a97c98854c87912f2befaeea, get {url=http://localhost:6208/}]
Capabilities {acceptInsecureCerts: false, browserName: chrome, browserVersion: 138.0.7204.184, chrome: {chromedriverVersion: 138.0.7204.183 (e90faf484dd..., userDataDir: C:\Users\usuario\AppData\Lo...}, fedcm:accounts: true, goog:chromeOptions: {debuggerAddress: localhost:52504}, networkConnectionEnabled: false, pageLoadStrategy: normal, platformName: windows, proxy: Proxy(), se:cdp: ws://localhost:52504/devtoo..., se:cdpVersion: 138.0.7204.184, setWindowRect: true, strictFileInteractability: false, timeouts: {implicit: 0, pageLoad: 300000, script: 30000}, unhandledPromptBehavior: dismiss and notify, webauthn:extension:credBlob: true, webauthn:extension:largeBlob: true, webauthn:extension:minPinLength: true, webauthn:extension:prf: true, webauthn:virtualAuthenticators: true}
Session ID: c0342a47a97c98854c87912f2befaeea
	at java.base/jdk.internal.reflect.NativeConstructorAccessorImpl.newInstance0(Native Method)
	at java.base/jdk.internal.reflect.NativeConstructorAccessorImpl.newInstance(NativeConstructorAccessorImpl.java:62)
	at java.base/jdk.internal.reflect.DelegatingConstructorAccessorImpl.newInstance(DelegatingConstructorAccessorImpl.java:45)
	at java.base/java.lang.reflect.Constructor.newInstance(Constructor.java:490)
	at org.openqa.selenium.remote.codec.w3c.W3CHttpResponseCodec.createException(W3CHttpResponseCodec.java:200)
	at org.openqa.selenium.remote.codec.w3c.W3CHttpResponseCodec.decode(W3CHttpResponseCodec.java:133)
	at org.openqa.selenium.remote.codec.w3c.W3CHttpResponseCodec.decode(W3CHttpResponseCodec.java:52)
	at org.openqa.selenium.remote.HttpCommandExecutor.execute(HttpCommandExecutor.java:191)
	at org.openqa.selenium.remote.service.DriverCommandExecutor.invokeExecute(DriverCommandExecutor.java:200)
	at org.openqa.selenium.remote.service.DriverCommandExecutor.execute(DriverCommandExecutor.java:175)
	at org.openqa.selenium.remote.RemoteWebDriver.execute(RemoteWebDriver.java:602)
	at org.openqa.selenium.remote.RemoteWebDriver.get(RemoteWebDriver.java:304)
	at pom.Base.get(Base.java:27)
	at stepdefinitions.login.LoginSteps.usuario_está_en_la_página_de_inicio_de_sesión(LoginSteps.java:20)
	at ✽.usuario está en la página de inicio de sesión con la url &apos;http://localhost:6208/&apos;(file:///D:/DOCUMENTOS/Yo/WEDOX/Entregables/Pruebas%20Automatizado/RegresionTesting/src/test/resources/features/1.login/login.feature:5)

  When usuario ingresa el nombre de &apos;cpingo&apos; y la &apos;1234&apos;                                  # stepdefinitions.login.LoginSteps.usuario_ingresa_el_nombre_de_y_la(java.lang.String,java.lang.String)
  And clic en el botón de inicio de sesión                                                # stepdefinitions.login.LoginSteps.clic_en_el_botón_de_inicio_de_sesión()
  Then el usuario es dirigido a la página principal de la aplicación                      # stepdefinitions.login.LoginSteps.el_usuario_es_dirigido_a_la_página_principal_de_la_aplicación()
</system-out>
  </testcase>
</testsuite>