<?xml version="1.0" encoding="UTF-8"?>
<testsuite xmlns:xsi="http://www.w3.org/2001/XMLSchema-instance" xsi:noNamespaceSchemaLocation="https://maven.apache.org/surefire/maven-surefire-plugin/xsd/surefire-test-report-3.0.xsd" version="3.0" name="runners.TestRunner" time="219.635" tests="7" errors="0" skipped="0" failures="0">
  <properties>
[...]
</properties>
  <testcase name="Crear company" classname="Probar el ciclo de vida del componente Position" time="28.307">
    <system-out><![CDATA[
Scenario: Crear company                                                                        # src/test/resources/features/osm/position/position.feature:7
  Given el usuario ha iniciado sesiÃ³n y esta en la aplicaciÃ³n Organizational Structure Manager # stepdefinitions.CommonSteps.el_usuario_ha_iniciado_sesiÃ³n_y_esta_en_la_aplicaciÃ³n_organizational_structure_manager()
  Given el usuario hace click en la opciÃ³n New Company                                         # stepdefinitions.osm.company.CompanySteps.el_usuario_hace_click_en_la_opciÃ³n_new_company()
  When llena el formulario del company con los siguientes valores:                             # stepdefinitions.osm.company.CompanySteps.llena_el_formulario_del_company_con_los_siguientes_valores(java.util.Map<java.lang.String, java.lang.String>)
    | Field       | Value           |
    | name        | CompanyPosition |
    | displayName | CompanyPosition |
    | description | CompanyPosition |
    | taxNumber   | TX-25           |
  And hace clic en el botÃ³n de guardar                                                         # stepdefinitions.CommonSteps.hace_clic_en_el_botÃ³n_de_guardar()
  Then se muestra un mensaje confirmando que se ha creado el company                           # stepdefinitions.osm.company.CompanySteps.se_muestra_un_mensaje_confirmando_que_se_ha_creado_el_company()
]]></system-out>
    <system-err><![CDATA[ene. 10, 2024 12:23:32 A. M. org.openqa.selenium.devtools.CdpVersionFinder findNearestMatch
WARNING: Unable to find an exact match for CDP version 120, returning the closest version; found: 118; Please update to a Selenium version that supports CDP version 120
]]></system-err>
  </testcase>
  <testcase name="Crear Organizational Unit" classname="Probar el ciclo de vida del componente Position" time="30.46">
    <system-out><![CDATA[
Scenario Outline: Crear Organizational Unit                                                       # src/test/resources/features/osm/position/position.feature:29
  Given el usuario ha iniciado sesiÃ³n y esta en la aplicaciÃ³n Organizational Structure Manager    # stepdefinitions.CommonSteps.el_usuario_ha_iniciado_sesiÃ³n_y_esta_en_la_aplicaciÃ³n_organizational_structure_manager()
  Given se tiene el company 'CompanyPosition' y hace clic en la opciÃ³n de New Organizational Unit # stepdefinitions.osm.organizationalunit.OrganizationalUnitSteps.se_tiene_el_company_y_hace_clic_en_la_opciÃ³n_de_new_organizational_unit(java.lang.String)
  When llena el formulario de organizational unit con los siguientes valores:                     # stepdefinitions.osm.organizationalunit.OrganizationalUnitSteps.llena_el_formulario_de_organizational_unit_con_los_siguientes_valores(java.util.Map<java.lang.String, java.lang.String>)
    | Field       | Value       |
    | name        | OU-Position |
    | displayName | OU-Position |
    | description | OU-Position |
  And hace clic en el botÃ³n de guardar                                                            # stepdefinitions.CommonSteps.hace_clic_en_el_botÃ³n_de_guardar()
  Then se muestra un mensaje confirmando que se ha creado el Organizational Unit                  # stepdefinitions.osm.organizationalunit.OrganizationalUnitSteps.se_muestra_un_mensaje_confirmando_que_se_ha_creado_el_organizational_unit()
]]></system-out>
  </testcase>
  <testcase name="TCR-33 Crear un position" classname="Probar el ciclo de vida del componente Position" time="34.038">
    <system-out><![CDATA[
Scenario Outline: TCR-33 Crear un position                                                     # src/test/resources/features/osm/position/position.feature:43
  Given el usuario ha iniciado sesiÃ³n y esta en la aplicaciÃ³n Organizational Structure Manager # stepdefinitions.CommonSteps.el_usuario_ha_iniciado_sesiÃ³n_y_esta_en_la_aplicaciÃ³n_organizational_structure_manager()
  Given se tiene el company 'CompanyPosition' y el organizational unit 'OU-Position'           # stepdefinitions.osm.position.PositionSteps.se_tiene_el_company_y_el_organizational_unit(java.lang.String,java.lang.String)
  And el usuario hace clic en la opciÃ³n de New Position                                        # stepdefinitions.osm.position.PositionSteps.el_usuario_hace_clic_en_la_opciÃ³n_de_new_position()
  When llena el formulario del position con los siguientes valores:                            # stepdefinitions.osm.position.PositionSteps.llena_el_formulario_del_position_con_los_siguientes_valores(java.util.Map<java.lang.String, java.lang.String>)
    | Field       | Value     |
    | name        | Position1 |
    | displayName | Position1 |
    | description | Position1 |
  And hace clic en el botÃ³n de guardar                                                         # stepdefinitions.CommonSteps.hace_clic_en_el_botÃ³n_de_guardar()
  Then se muestra un mensaje confirmando que se ha creado el position                          # stepdefinitions.osm.position.PositionSteps.se_muestra_un_mensaje_confirmando_que_se_ha_creado_el_position()
]]></system-out>
  </testcase>
  <testcase name="TCR-34 Editar un position" classname="Probar el ciclo de vida del componente Position" time="40.719">
    <system-out><![CDATA[
Scenario Outline: TCR-34 Editar un position                                                    # src/test/resources/features/osm/position/position.feature:56
  Given el usuario ha iniciado sesiÃ³n y esta en la aplicaciÃ³n Organizational Structure Manager # stepdefinitions.CommonSteps.el_usuario_ha_iniciado_sesiÃ³n_y_esta_en_la_aplicaciÃ³n_organizational_structure_manager()
  Given se tiene el company 'CompanyPosition' y el organizational unit 'OU-Position'           # stepdefinitions.osm.position.PositionSteps.se_tiene_el_company_y_el_organizational_unit(java.lang.String,java.lang.String)
  When el usuario hace clic en el botÃ³n de editar para el position 'Position1' seleccionado    # stepdefinitions.osm.position.PositionSteps.el_usuario_hace_clic_en_el_botÃ³n_de_editar_para_el_position_seleccionado(java.lang.String)
  And realiza la ediciÃ³n del formulario del position con los siguientes valores:               # stepdefinitions.osm.position.PositionSteps.realiza_la_ediciÃ³n_del_formulario_del_position_con_los_siguientes_valores(java.util.Map<java.lang.String, java.lang.String>)
    | Field       | Nuevo valor |
    | name        | Position2   |
    | displayName | Position2   |
    | description | Position2   |
  Then se muestra un mensaje confirmando la ediciÃ³n exitosa del position                       # stepdefinitions.osm.position.PositionSteps.se_muestra_un_mensaje_confirmando_la_ediciÃ³n_exitosa_del_position()
]]></system-out>
  </testcase>
  <testcase name="TCR-35 Eliminar un position" classname="Probar el ciclo de vida del componente Position" time="33.521">
    <system-out><![CDATA[
Scenario Outline: TCR-35 Eliminar un position                                                  # src/test/resources/features/osm/position/position.feature:65
  Given el usuario ha iniciado sesiÃ³n y esta en la aplicaciÃ³n Organizational Structure Manager # stepdefinitions.CommonSteps.el_usuario_ha_iniciado_sesiÃ³n_y_esta_en_la_aplicaciÃ³n_organizational_structure_manager()
  Given se tiene el company 'CompanyPosition' y el organizational unit 'OU-Position'           # stepdefinitions.osm.position.PositionSteps.se_tiene_el_company_y_el_organizational_unit(java.lang.String,java.lang.String)
  When el usuario hace clic derecho en el position 'Position2'                                 # stepdefinitions.osm.position.PositionSteps.el_usuario_hace_clic_derecho_en_el_position(java.lang.String)
  And hace clic en la opciÃ³n Delete Position                                                   # stepdefinitions.osm.position.PositionSteps.hace_clic_en_la_opciÃ³n_delete_position()
  Then se muestra un mensaje confirmando que se ha eliminado el Position                       # stepdefinitions.osm.position.PositionSteps.se_muestra_un_mensaje_confirmando_que_se_ha_eliminado_el_position()
]]></system-out>
  </testcase>
  <testcase name="Eliminar Organizational Unit" classname="Probar el ciclo de vida del componente Position" time="27.956">
    <system-out><![CDATA[
Scenario Outline: Eliminar Organizational Unit                                                                        # src/test/resources/features/osm/position/position.feature:74
  Given el usuario ha iniciado sesiÃ³n y esta en la aplicaciÃ³n Organizational Structure Manager                        # stepdefinitions.CommonSteps.el_usuario_ha_iniciado_sesiÃ³n_y_esta_en_la_aplicaciÃ³n_organizational_structure_manager()
  Given se tiene el company 'CompanyPosition' y el usuario hace click derecho en el organizational unit 'OU-Position' # stepdefinitions.osm.organizationalunit.OrganizationalUnitSteps.se_tiene_el_company_y_el_usuario_hace_click_derecho_en_el_organizational_unit(java.lang.String,java.lang.String)
  When el usuario hace click derecho en la opciÃ³n Delete Organizational Unit                                          # stepdefinitions.osm.organizationalunit.OrganizationalUnitSteps.el_usuario_hace_click_derecho_en_la_opciÃ³n_delete_organizational_unit()
  Then se muestra un mensaje confirmando que se ha eliminado el Organizational Unit                                   # stepdefinitions.osm.organizationalunit.OrganizationalUnitSteps.se_muestra_un_mensaje_confirmando_que_se_ha_eliminado_el_organizational_unit()
]]></system-out>
  </testcase>
  <testcase name="Eliminar company" classname="Probar el ciclo de vida del componente Position" time="23.456">
    <system-out><![CDATA[
Scenario Outline: Eliminar company                                                             # src/test/resources/features/osm/position/position.feature:82
  Given el usuario ha iniciado sesiÃ³n y esta en la aplicaciÃ³n Organizational Structure Manager # stepdefinitions.CommonSteps.el_usuario_ha_iniciado_sesiÃ³n_y_esta_en_la_aplicaciÃ³n_organizational_structure_manager()
  Given el usuario hace click derecho en el company 'CompanyPosition'                          # stepdefinitions.osm.company.CompanySteps.el_usuario_hace_click_derecho_en_el_company(java.lang.String)
  When el usuario hace click en la opciÃ³n Delete Company                                       # stepdefinitions.osm.company.CompanySteps.el_usuario_hace_click_en_la_opciÃ³n_delete_company()
  Then se muestra un mensaje confirmando que se ha eliminado el company                        # stepdefinitions.osm.company.CompanySteps.se_muestra_un_mensaje_confirmando_que_se_ha_eliminado_el_company()
]]></system-out>
  </testcase>
</testsuite>